c:\users\js\fh\ss2016\pprg\pprg.sorting\sorting\debug\sorting.pchi
c:\users\js\fh\ss2016\pprg\pprg.sorting\sorting\debug\stdafx.obj
c:\users\js\fh\ss2016\pprg\pprg.sorting\sorting\debug\vc120.pdb
c:\users\js\fh\ss2016\pprg\pprg.sorting\sorting\debug\sorting.obj
c:\users\js\appdata\local\temp\lnk{7b844c4a-ece9-41cb-a307-eb7daadb666d}.tmp
c:\users\js\fh\ss2016\pprg\pprg.sorting\debug\sorting.pdb
c:\users\js\fh\ss2016\pprg\pprg.sorting\sorting\debug\sorting.tlog\icl-mcpcom.read.1.tlog
c:\users\js\fh\ss2016\pprg\pprg.sorting\sorting\debug\sorting.tlog\icl-mcpcom.write.1.tlog
c:\users\js\fh\ss2016\pprg\pprg.sorting\sorting\debug\sorting.tlog\icl.command.1.tlog
c:\users\js\fh\ss2016\pprg\pprg.sorting\sorting\debug\sorting.tlog\icl.read.1.tlog
c:\users\js\fh\ss2016\pprg\pprg.sorting\sorting\debug\sorting.tlog\icl.write.1.tlog
c:\users\js\fh\ss2016\pprg\pprg.sorting\sorting\debug\sorting.tlog\xilink-link-cvtres.read.1.tlog
c:\users\js\fh\ss2016\pprg\pprg.sorting\sorting\debug\sorting.tlog\xilink-link-cvtres.write.1.tlog
c:\users\js\fh\ss2016\pprg\pprg.sorting\sorting\debug\sorting.tlog\xilink-link-rc.read.1.tlog
c:\users\js\fh\ss2016\pprg\pprg.sorting\sorting\debug\sorting.tlog\xilink-link-rc.write.1.tlog
c:\users\js\fh\ss2016\pprg\pprg.sorting\sorting\debug\sorting.tlog\xilink-link.read.1.tlog
c:\users\js\fh\ss2016\pprg\pprg.sorting\sorting\debug\sorting.tlog\xilink-link.read.2.tlog
c:\users\js\fh\ss2016\pprg\pprg.sorting\sorting\debug\sorting.tlog\xilink-link.write.1.tlog
c:\users\js\fh\ss2016\pprg\pprg.sorting\sorting\debug\sorting.tlog\xilink-mcpcom.read.1.tlog
c:\users\js\fh\ss2016\pprg\pprg.sorting\sorting\debug\sorting.tlog\xilink-mcpcom.write.1.tlog
c:\users\js\fh\ss2016\pprg\pprg.sorting\sorting\debug\sorting.tlog\xilink.command.1.tlog
c:\users\js\fh\ss2016\pprg\pprg.sorting\sorting\debug\sorting.tlog\xilink.read.1.tlog
c:\users\js\fh\ss2016\pprg\pprg.sorting\sorting\debug\sorting.tlog\xilink.write.1.tlog
